<?xml version="1.0" encoding="UTF-8"?>
<!-- Generated by org.testng.reporters.JUnitReportReporter -->
<testsuite hostname="sambits-MacBook-Air.local" failures="0" tests="1" name="com.webdrivers.dropanddrag" time="9.389" errors="0" timestamp="2021-07-20T17:06:36 IST" skipped="0">
  <testcase classname="com.webdrivers.dropanddrag" name="script1" time="9.389"/>
  <system-out/>
</testsuite> <!-- com.webdrivers.dropanddrag -->
