<?xml version="1.0" encoding="UTF-8"?>
<!-- Generated by org.testng.reporters.JUnitReportReporter -->
<testsuite hostname="sambits-MacBook-Air.local" failures="0" tests="1" name="com.webdrivers.tooltip" time="21.683" errors="0" timestamp="2021-07-23T20:03:42 IST" skipped="0">
  <testcase classname="com.webdrivers.tooltip" name="script1" time="21.683"/>
  <system-out/>
</testsuite> <!-- com.webdrivers.tooltip -->
