<?xml version="1.0" encoding="UTF-8"?>
<!-- Generated by org.testng.reporters.JUnitReportReporter -->
<testsuite hostname="sambits-MacBook-Air.local" failures="0" tests="1" name="com.webdrivers.dropdown" time="7.968" errors="0" timestamp="2021-07-18T23:19:02 IST" skipped="0">
  <testcase classname="com.webdrivers.dropdown" name="script1" time="7.968"/>
  <system-out/>
</testsuite> <!-- com.webdrivers.dropdown -->
