<?xml version="1.0" encoding="UTF-8"?>
<!-- Generated by org.testng.reporters.JUnitReportReporter -->
<testsuite hostname="sambits-MacBook-Air.local" failures="0" tests="1" name="com.webdrivers.deletecookies" time="6.944" errors="0" timestamp="2021-07-25T19:31:57 IST" skipped="0">
  <testcase classname="com.webdrivers.deletecookies" name="script1" time="6.944"/>
  <system-out/>
</testsuite> <!-- com.webdrivers.deletecookies -->
