<?xml version="1.0" encoding="UTF-8"?>
<!-- Generated by org.testng.reporters.JUnitReportReporter -->
<testsuite hostname="sambits-MacBook-Air.local" failures="0" tests="1" name="com.webdrivers.checkbox" time="5.058" errors="0" timestamp="2021-07-15T09:56:14 IST" skipped="0">
  <testcase classname="com.webdrivers.checkbox" name="script1" time="5.058"/>
  <system-out/>
</testsuite> <!-- com.webdrivers.checkbox -->
