<?xml version="1.0" encoding="UTF-8"?>
<!-- Generated by org.testng.reporters.JUnitReportReporter -->
<testsuite hostname="sambits-MacBook-Air.local" failures="0" tests="1" name="com.webdrivers.windows" time="10.112" errors="0" timestamp="2021-07-20T17:59:39 IST" skipped="0">
  <testcase classname="com.webdrivers.windows" name="script1" time="10.112"/>
  <system-out/>
</testsuite> <!-- com.webdrivers.windows -->
