<?xml version="1.0" encoding="UTF-8"?>
<!-- Generated by org.testng.reporters.JUnitReportReporter -->
<testsuite hostname="sambits-MacBook-Air.local" failures="0" tests="1" name="com.webdrivers.tables" time="4.842" errors="0" timestamp="2021-07-19T09:30:55 IST" skipped="0">
  <testcase classname="com.webdrivers.tables" name="script1" time="4.842"/>
  <system-out/>
</testsuite> <!-- com.webdrivers.tables -->
