<?xml version="1.0" encoding="UTF-8"?>
<!-- Generated by org.testng.reporters.JUnitReportReporter -->
<testsuite hostname="sambits-MacBook-Air.local" failures="0" tests="1" name="com.webdrivers.radiobutton" time="5.525" errors="0" timestamp="2021-07-19T09:32:31 IST" skipped="0">
  <testcase classname="com.webdrivers.radiobutton" name="script1" time="5.525"/>
  <system-out/>
</testsuite> <!-- com.webdrivers.radiobutton -->
