<?xml version="1.0" encoding="UTF-8"?>
<!-- Generated by org.testng.reporters.JUnitReportReporter -->
<testsuite hostname="sambits-MacBook-Air.local" failures="0" tests="1" name="com.webdrivers.frames" time="5.151" errors="0" timestamp="2021-07-20T17:07:09 IST" skipped="0">
  <testcase classname="com.webdrivers.frames" name="script1" time="5.151"/>
  <system-out/>
</testsuite> <!-- com.webdrivers.frames -->
