<?xml version="1.0" encoding="UTF-8"?>
<!-- Generated by org.testng.reporters.JUnitReportReporter -->
<testsuite hostname="sambits-MacBook-Air.local" failures="0" tests="1" name="com.webdrivers.orderedlist" time="6.785" errors="0" timestamp="2021-07-20T20:44:30 IST" skipped="0">
  <testcase classname="com.webdrivers.orderedlist" name="script1" time="6.785"/>
  <system-out/>
</testsuite> <!-- com.webdrivers.orderedlist -->
