<?xml version="1.0" encoding="UTF-8"?>
<!-- Generated by org.testng.reporters.JUnitReportReporter -->
<testsuite hostname="sambits-MacBook-Air.local" failures="0" tests="1" name="com.webdrivers.excelapache" time="26.990" errors="0" timestamp="2021-07-23T10:44:44 IST" skipped="0">
  <testcase classname="com.webdrivers.excelapache" name="script1" time="26.990"/>
  <system-out/>
</testsuite> <!-- com.webdrivers.excelapache -->
