<?xml version="1.0" encoding="UTF-8"?>
<!-- Generated by org.testng.reporters.JUnitReportReporter -->
<testsuite hostname="sambits-MacBook-Air.local" failures="0" tests="1" name="com.webdrivers.cookie" time="27.178" errors="0" timestamp="2021-07-24T00:15:13 IST" skipped="0">
  <testcase classname="com.webdrivers.cookie" name="script1" time="27.178"/>
  <system-out/>
</testsuite> <!-- com.webdrivers.cookie -->
