<?xml version="1.0" encoding="UTF-8"?>
<!-- Generated by org.testng.reporters.JUnitReportReporter -->
<testsuite hostname="sambits-MacBook-Air.local" failures="0" tests="1" name="com.webdrivers.buttons" time="9.384" errors="0" timestamp="2021-07-20T17:45:22 IST" skipped="0">
  <testcase classname="com.webdrivers.buttons" name="script1" time="9.384"/>
  <system-out/>
</testsuite> <!-- com.webdrivers.buttons -->
