<?xml version="1.0" encoding="UTF-8"?>
<!-- Generated by org.testng.reporters.JUnitReportReporter -->
<testsuite hostname="sambits-MacBook-Air.local" failures="0" tests="1" name="com.webdrivers.scrollinselenium" time="11.514" errors="0" timestamp="2021-07-21T23:11:32 IST" skipped="0">
  <testcase classname="com.webdrivers.scrollinselenium" name="script1" time="11.514"/>
  <system-out/>
</testsuite> <!-- com.webdrivers.scrollinselenium -->
