<?xml version="1.0" encoding="UTF-8"?>
<!-- Generated by org.testng.reporters.JUnitReportReporter -->
<testsuite hostname="sambits-MacBook-Air.local" failures="0" tests="1" name="com.webdrivers.waitcommands$checkbox" time="12.742" errors="0" timestamp="2021-07-20T21:38:21 IST" skipped="0">
  <testcase classname="com.webdrivers.waitcommands$checkbox" name="script1" time="12.742"/>
  <system-out/>
</testsuite> <!-- com.webdrivers.waitcommands$checkbox -->
