<?xml version="1.0" encoding="UTF-8"?>
<!-- Generated by org.testng.reporters.JUnitReportReporter -->
<testsuite hostname="sambits-MacBook-Air.local" failures="0" tests="1" name="com.webdrivers.uploadfile" time="13.290" errors="0" timestamp="2021-07-26T10:42:12 IST" skipped="0">
  <testcase classname="com.webdrivers.uploadfile" name="script1" time="13.290"/>
  <system-out/>
</testsuite> <!-- com.webdrivers.uploadfile -->
