<?xml version="1.0" encoding="UTF-8"?>
<!-- Generated by org.testng.reporters.JUnitReportReporter -->
<testsuite hostname="sambits-MacBook-Air.local" failures="0" tests="1" name="testscript.logincredentials" time="8.694" errors="0" timestamp="2021-07-21T14:41:48 IST" skipped="0">
  <testcase classname="testscript.logincredentials" name="loginfbk" time="8.694"/>
  <system-out/>
</testsuite> <!-- testscript.logincredentials -->
