<?xml version="1.0" encoding="UTF-8"?>
<!-- Generated by org.testng.reporters.JUnitReportReporter -->
<testsuite hostname="sambits-MacBook-Air.local" failures="0" tests="1" name="com.webdrivers.Edit" time="15.581" errors="0" timestamp="2021-07-15T09:21:20 IST" skipped="0">
  <testcase classname="com.webdrivers.Edit" name="script1" time="15.581"/>
  <system-out/>
</testsuite> <!-- com.webdrivers.Edit -->
