<?xml version="1.0" encoding="UTF-8"?>
<!-- Generated by org.testng.reporters.JUnitReportReporter -->
<testsuite hostname="sambits-MacBook-Air.local" failures="0" tests="1" name="com.webdrivers.fluentwait" time="7.160" errors="0" timestamp="2021-07-18T23:19:30 IST" skipped="0">
  <testcase classname="com.webdrivers.fluentwait" name="script1" time="7.160"/>
  <system-out/>
</testsuite> <!-- com.webdrivers.fluentwait -->
