<?xml version="1.0" encoding="UTF-8"?>
<!-- Generated by org.testng.reporters.JUnitReportReporter -->
<testsuite hostname="sambits-MacBook-Air.local" failures="0" tests="1" name="com.webdrivers.alerts" time="7.446" errors="0" timestamp="2021-07-26T18:30:24 IST" skipped="0">
  <testcase classname="com.webdrivers.alerts" name="script1" time="7.446"/>
  <system-out/>
</testsuite> <!-- com.webdrivers.alerts -->
